2024-05-28 11:19:44.372 | INFO     | databases.core:connect:113 - Connected to database mysql://skyline:********@cloud10.cloudportal.app:3306/skyline
2024-05-28 11:19:44.373 | INFO     | uvicorn.lifespan.on:startup:59 - Application startup complete.
2024-05-28 11:25:33.101 | INFO     | uvicorn.server:shutdown:252 - Shutting down
2024-05-28 11:25:33.203 | INFO     | uvicorn.lifespan.on:shutdown:64 - Waiting for application shutdown.
2024-05-28 11:25:33.204 | INFO     | uvicorn.lifespan.on:shutdown:75 - Application shutdown complete.
2024-05-28 11:25:33.204 | INFO     | uvicorn.server:serve:85 - Finished server process [10576]
2024-05-28 11:27:54.263 | INFO     | databases.core:connect:113 - Connected to database mysql://skyline:********@cloud10.cloudportal.app:3306/skyline
2024-05-28 11:27:54.264 | INFO     | uvicorn.lifespan.on:startup:59 - Application startup complete.
2024-05-28 11:33:15.555 | INFO     | uvicorn.server:shutdown:252 - Shutting down
2024-05-28 11:33:15.657 | INFO     | uvicorn.lifespan.on:shutdown:64 - Waiting for application shutdown.
2024-05-28 11:33:15.658 | INFO     | uvicorn.lifespan.on:shutdown:75 - Application shutdown complete.
2024-05-28 11:33:15.659 | INFO     | uvicorn.server:serve:85 - Finished server process [11022]
2024-05-28 11:33:20.039 | INFO     | databases.core:connect:113 - Connected to database mysql://skyline:********@cloud10.cloudportal.app:3306/skyline
2024-05-28 11:33:20.040 | INFO     | uvicorn.lifespan.on:startup:59 - Application startup complete.
2024-05-28 11:34:15.376 | INFO     | databases.core:connect:113 - Connected to database mysql://skyline:********@cloud10.cloudportal.app:3306/skyline
2024-05-28 11:34:15.377 | INFO     | uvicorn.lifespan.on:startup:59 - Application startup complete.
2024-05-28 11:35:56.413 | INFO     | databases.core:connect:113 - Connected to database mysql://skyline:********@cloud10.cloudportal.app:3306/skyline
2024-05-28 11:35:56.414 | INFO     | uvicorn.lifespan.on:startup:59 - Application startup complete.
2024-05-28 11:37:12.786 | INFO     | uvicorn.server:shutdown:252 - Shutting down
2024-05-28 11:39:56.623 | INFO     | databases.core:connect:113 - Connected to database mysql://skyline:********@cloud10.cloudportal.app:3306/skyline
2024-05-28 11:39:56.624 | INFO     | uvicorn.lifespan.on:startup:59 - Application startup complete.
2024-05-28 11:44:32.665 | INFO     | databases.core:connect:113 - Connected to database mysql://skyline:********@cloud10.cloudportal.app:3306/skyline
2024-05-28 11:44:32.665 | INFO     | uvicorn.lifespan.on:startup:59 - Application startup complete.
2024-05-28 11:46:06.696 | INFO     | databases.core:connect:113 - Connected to database mysql://skyline:********@cloud10.cloudportal.app:3306/skyline
2024-05-28 11:46:06.697 | INFO     | uvicorn.lifespan.on:startup:59 - Application startup complete.
2024-05-28 11:46:21.812 | INFO     | pbr.git:_iter_log_inner:233 - [pbr] Generating ChangeLog
